<?xml version="1.0" encoding="UTF-8"?>
<!-- Generated by org.testng.reporters.JUnitXMLReporter -->
<testsuite hostname="Rajasundarams-iMac.local" ignored="0" tests="6" failures="0" timestamp="2021-04-11T11:26:45 BST" time="0.054" errors="0">
  <testcase name="testTestNg2" time="0.004" classname="TestNgPractice"/>
  <testcase name="testTestNg3" time="0.01" classname="TestNgPractice"/>
  <testcase name="testTestNg4" time="0.0" classname="TestNgPractice"/>
  <testcase name="testTestNg5" time="0.0" classname="TestNgPractice"/>
  <testcase name="testTestNg6" time="0.0" classname="TestNgPractice"/>
  <testcase name="testTestNg1" time="0.001" classname="TestNgPractice"/>
</testsuite>
